15/10/2017 20:58:06 (Std) 	+-+-+-+-+-+-+-+-+-+-+-+-+-+-+-+-+-+-+-+-+-+-+-+-+-+-+-+-+-+-+-+-+-+-+-+-+-+-+-+
15/10/2017 20:58:06 (Std) 	+                     Crazy Eddie's GUI System - Event log                    +
15/10/2017 20:58:06 (Std) 	+                          (http://www.cegui.org.uk/)                         +
15/10/2017 20:58:06 (Std) 	+-+-+-+-+-+-+-+-+-+-+-+-+-+-+-+-+-+-+-+-+-+-+-+-+-+-+-+-+-+-+-+-+-+-+-+-+-+-+-+

15/10/2017 20:58:06 (Std) 	CEGUI::Logger singleton created. (0x1954bc0)
15/10/2017 20:58:06 (Std) 	
15/10/2017 20:58:06 (Std) 	********************************************************************************
15/10/2017 20:58:06 (Std) 	* Important:                                                                   *
15/10/2017 20:58:06 (Std) 	*     To get support at the CEGUI forums, you must post _at least_ the section *
15/10/2017 20:58:06 (Std) 	*     of this log file indicated below.  Failure to do this will result in no  *
15/10/2017 20:58:06 (Std) 	*     support being given; please do not waste our time.                       *
15/10/2017 20:58:06 (Std) 	********************************************************************************
15/10/2017 20:58:06 (Std) 	********************************************************************************
15/10/2017 20:58:06 (Std) 	* -------- START OF ESSENTIAL SECTION TO BE POSTED ON THE FORUM       -------- *
15/10/2017 20:58:06 (Std) 	********************************************************************************
15/10/2017 20:58:06 (Std) 	---- Version: 0.8.7 (Build: Oct  6 2017 GNU/Linux g++ 5.4.0 20160609 64 bit) ----
15/10/2017 20:58:06 (Std) 	---- Renderer module is: CEGUI::OgreRenderer - Official OGRE based 2nd generation renderer module. ----
15/10/2017 20:58:06 (Std) 	---- XML Parser module is: CEGUI::ExpatParser - Official expat based parser module for CEGUI ----
15/10/2017 20:58:06 (Std) 	---- Image Codec module is: OgreImageCodec - Integrated ImageCodec using the Ogre engine. ----
15/10/2017 20:58:06 (Std) 	---- Scripting module is: None ----
15/10/2017 20:58:06 (Std) 	********************************************************************************
15/10/2017 20:58:06 (Std) 	* -------- END OF ESSENTIAL SECTION TO BE POSTED ON THE FORUM         -------- *
15/10/2017 20:58:06 (Std) 	********************************************************************************
15/10/2017 20:58:06 (Std) 	
15/10/2017 20:58:06 (Std) 	---- Begining CEGUI System initialisation ----
15/10/2017 20:58:06 (Std) 	[CEGUI::ImageManager] Singleton created (0x15b0110)
15/10/2017 20:58:06 (Std) 	[CEGUI::ImageManager] Registered Image type: BasicImage
15/10/2017 20:58:06 (Std) 	CEGUI::FontManager singleton created. (0x15b58d0)
15/10/2017 20:58:06 (Std) 	CEGUI::WindowFactoryManager singleton created
15/10/2017 20:58:06 (Std) 	CEGUI::WindowManager singleton created (0x15adcc0)
15/10/2017 20:58:06 (Std) 	CEGUI::SchemeManager singleton created. (0x15d0b80)
15/10/2017 20:58:06 (Std) 	CEGUI::GlobalEventSet singleton created. (0x19554e0)
15/10/2017 20:58:06 (Std) 	CEGUI::AnimationManager singleton created (0x15aff50)
15/10/2017 20:58:06 (Std) 	CEGUI::WidgetLookManager singleton created. (0x15b0020)
15/10/2017 20:58:06 (Std) 	CEGUI::WindowRendererManager singleton created (0x15c7670)
15/10/2017 20:58:06 (Std) 	CEGUI::RenderEffectManager singleton created (0x15b5b10)
15/10/2017 20:58:06 (Std) 	Created WindowFactory for 'DefaultWindow' windows.
15/10/2017 20:58:06 (Std) 	WindowFactory for 'DefaultWindow' windows added. (0x1949550)
15/10/2017 20:58:06 (Std) 	Created WindowFactory for 'DragContainer' windows.
15/10/2017 20:58:06 (Std) 	WindowFactory for 'DragContainer' windows added. (0x15b8b30)
15/10/2017 20:58:06 (Std) 	Created WindowFactory for 'ScrolledContainer' windows.
15/10/2017 20:58:06 (Std) 	WindowFactory for 'ScrolledContainer' windows added. (0x15ba310)
15/10/2017 20:58:06 (Std) 	Created WindowFactory for 'ClippedContainer' windows.
15/10/2017 20:58:06 (Std) 	WindowFactory for 'ClippedContainer' windows added. (0x15ba4b0)
15/10/2017 20:58:06 (Std) 	Created WindowFactory for 'CEGUI/PushButton' windows.
15/10/2017 20:58:06 (Std) 	WindowFactory for 'CEGUI/PushButton' windows added. (0x15b65d0)
15/10/2017 20:58:06 (Std) 	Created WindowFactory for 'CEGUI/RadioButton' windows.
15/10/2017 20:58:06 (Std) 	WindowFactory for 'CEGUI/RadioButton' windows added. (0x13ee3b0)
15/10/2017 20:58:06 (Std) 	Created WindowFactory for 'CEGUI/Combobox' windows.
15/10/2017 20:58:06 (Std) 	WindowFactory for 'CEGUI/Combobox' windows added. (0x13ee550)
15/10/2017 20:58:06 (Std) 	Created WindowFactory for 'CEGUI/ComboDropList' windows.
15/10/2017 20:58:06 (Std) 	WindowFactory for 'CEGUI/ComboDropList' windows added. (0x15b40c0)
15/10/2017 20:58:06 (Std) 	Created WindowFactory for 'CEGUI/Editbox' windows.
15/10/2017 20:58:06 (Std) 	WindowFactory for 'CEGUI/Editbox' windows added. (0x1915220)
15/10/2017 20:58:06 (Std) 	Created WindowFactory for 'CEGUI/FrameWindow' windows.
15/10/2017 20:58:06 (Std) 	WindowFactory for 'CEGUI/FrameWindow' windows added. (0x19153c0)
15/10/2017 20:58:06 (Std) 	Created WindowFactory for 'CEGUI/ItemEntry' windows.
15/10/2017 20:58:06 (Std) 	WindowFactory for 'CEGUI/ItemEntry' windows added. (0x1970a20)
15/10/2017 20:58:06 (Std) 	Created WindowFactory for 'CEGUI/Listbox' windows.
15/10/2017 20:58:06 (Std) 	WindowFactory for 'CEGUI/Listbox' windows added. (0x1970bc0)
15/10/2017 20:58:06 (Std) 	Created WindowFactory for 'CEGUI/ListHeader' windows.
15/10/2017 20:58:06 (Std) 	WindowFactory for 'CEGUI/ListHeader' windows added. (0x1970d60)
15/10/2017 20:58:06 (Std) 	Created WindowFactory for 'CEGUI/ListHeaderSegment' windows.
15/10/2017 20:58:06 (Std) 	WindowFactory for 'CEGUI/ListHeaderSegment' windows added. (0x1970f00)
15/10/2017 20:58:06 (Std) 	Created WindowFactory for 'CEGUI/Menubar' windows.
15/10/2017 20:58:06 (Std) 	WindowFactory for 'CEGUI/Menubar' windows added. (0x19710a0)
15/10/2017 20:58:06 (Std) 	Created WindowFactory for 'CEGUI/PopupMenu' windows.
15/10/2017 20:58:06 (Std) 	WindowFactory for 'CEGUI/PopupMenu' windows added. (0x1971240)
15/10/2017 20:58:06 (Std) 	Created WindowFactory for 'CEGUI/MenuItem' windows.
15/10/2017 20:58:06 (Std) 	WindowFactory for 'CEGUI/MenuItem' windows added. (0x19713e0)
15/10/2017 20:58:06 (Std) 	Created WindowFactory for 'CEGUI/MultiColumnList' windows.
15/10/2017 20:58:06 (Std) 	WindowFactory for 'CEGUI/MultiColumnList' windows added. (0x1971690)
15/10/2017 20:58:06 (Std) 	Created WindowFactory for 'CEGUI/MultiLineEditbox' windows.
15/10/2017 20:58:06 (Std) 	WindowFactory for 'CEGUI/MultiLineEditbox' windows added. (0x1971830)
15/10/2017 20:58:06 (Std) 	Created WindowFactory for 'CEGUI/ProgressBar' windows.
15/10/2017 20:58:06 (Std) 	WindowFactory for 'CEGUI/ProgressBar' windows added. (0x19719d0)
15/10/2017 20:58:06 (Std) 	Created WindowFactory for 'CEGUI/ScrollablePane' windows.
15/10/2017 20:58:06 (Std) 	WindowFactory for 'CEGUI/ScrollablePane' windows added. (0x1a08e00)
15/10/2017 20:58:06 (Std) 	Created WindowFactory for 'CEGUI/Scrollbar' windows.
15/10/2017 20:58:06 (Std) 	WindowFactory for 'CEGUI/Scrollbar' windows added. (0x1a08fa0)
15/10/2017 20:58:06 (Std) 	Created WindowFactory for 'CEGUI/Slider' windows.
15/10/2017 20:58:06 (Std) 	WindowFactory for 'CEGUI/Slider' windows added. (0x1a09140)
15/10/2017 20:58:06 (Std) 	Created WindowFactory for 'CEGUI/Spinner' windows.
15/10/2017 20:58:06 (Std) 	WindowFactory for 'CEGUI/Spinner' windows added. (0x1a092e0)
15/10/2017 20:58:06 (Std) 	Created WindowFactory for 'CEGUI/TabButton' windows.
15/10/2017 20:58:06 (Std) 	WindowFactory for 'CEGUI/TabButton' windows added. (0x1a09480)
15/10/2017 20:58:06 (Std) 	Created WindowFactory for 'CEGUI/TabControl' windows.
15/10/2017 20:58:06 (Std) 	WindowFactory for 'CEGUI/TabControl' windows added. (0x1a09620)
15/10/2017 20:58:06 (Std) 	Created WindowFactory for 'CEGUI/Thumb' windows.
15/10/2017 20:58:06 (Std) 	WindowFactory for 'CEGUI/Thumb' windows added. (0x1a097c0)
15/10/2017 20:58:06 (Std) 	Created WindowFactory for 'CEGUI/Titlebar' windows.
15/10/2017 20:58:06 (Std) 	WindowFactory for 'CEGUI/Titlebar' windows added. (0x1a09960)
15/10/2017 20:58:06 (Std) 	Created WindowFactory for 'CEGUI/ToggleButton' windows.
15/10/2017 20:58:06 (Std) 	WindowFactory for 'CEGUI/ToggleButton' windows added. (0x1a09b00)
15/10/2017 20:58:06 (Std) 	Created WindowFactory for 'CEGUI/Tooltip' windows.
15/10/2017 20:58:06 (Std) 	WindowFactory for 'CEGUI/Tooltip' windows added. (0x1a09ca0)
15/10/2017 20:58:06 (Std) 	Created WindowFactory for 'CEGUI/ItemListbox' windows.
15/10/2017 20:58:06 (Std) 	WindowFactory for 'CEGUI/ItemListbox' windows added. (0x1a09e40)
15/10/2017 20:58:06 (Std) 	Created WindowFactory for 'CEGUI/GroupBox' windows.
15/10/2017 20:58:06 (Std) 	WindowFactory for 'CEGUI/GroupBox' windows added. (0x1a09fe0)
15/10/2017 20:58:06 (Std) 	Created WindowFactory for 'CEGUI/Tree' windows.
15/10/2017 20:58:06 (Std) 	WindowFactory for 'CEGUI/Tree' windows added. (0x1a0a180)
15/10/2017 20:58:06 (Std) 	Created WindowFactory for 'LayoutCell' windows.
15/10/2017 20:58:06 (Std) 	WindowFactory for 'LayoutCell' windows added. (0x1971580)
15/10/2017 20:58:06 (Std) 	Created WindowFactory for 'HorizontalLayoutContainer' windows.
15/10/2017 20:58:06 (Std) 	WindowFactory for 'HorizontalLayoutContainer' windows added. (0x1a0a610)
15/10/2017 20:58:06 (Std) 	Created WindowFactory for 'VerticalLayoutContainer' windows.
15/10/2017 20:58:06 (Std) 	WindowFactory for 'VerticalLayoutContainer' windows added. (0x1a0a7b0)
15/10/2017 20:58:06 (Std) 	Created WindowFactory for 'GridLayoutContainer' windows.
15/10/2017 20:58:06 (Std) 	WindowFactory for 'GridLayoutContainer' windows added. (0x1a0a950)
15/10/2017 20:58:06 (Std) 	CEGUI::System singleton created. (0x15b7170)
15/10/2017 20:58:06 (Std) 	---- CEGUI System initialisation completed ----
15/10/2017 20:58:06 (Std) 	
15/10/2017 20:58:06 (Std) 	Started creation of Scheme from XML specification:
15/10/2017 20:58:06 (Std) 	---- CEGUI GUIScheme name: VanillaSkin
15/10/2017 20:58:06 (Std) 	[ImageManager] Started creation of Imageset from XML specification:
15/10/2017 20:58:06 (Std) 	[ImageManager] ---- CEGUI Imageset name: Vanilla-Images
15/10/2017 20:58:06 (Std) 	[ImageManager] ---- Source texture file: vanilla.png
15/10/2017 20:58:06 (Std) 	[ImageManager] ---- Source texture resource group: (Default)
15/10/2017 20:58:06 (Std) 	[OgreRenderer] Created texture: Vanilla-Images
15/10/2017 20:58:06 (Std) 	[ImageManager] Created image: 'Vanilla-Images/GenericBrush' (0x1a114b0) of type: BasicImage
15/10/2017 20:58:06 (Std) 	[ImageManager] Created image: 'Vanilla-Images/FrameTopLeft' (0x1a11780) of type: BasicImage
15/10/2017 20:58:06 (Std) 	[ImageManager] Created image: 'Vanilla-Images/FrameTopRight' (0x1a11990) of type: BasicImage
15/10/2017 20:58:06 (Std) 	[ImageManager] Created image: 'Vanilla-Images/FrameBottomLeft' (0x1a11ba0) of type: BasicImage
15/10/2017 20:58:06 (Std) 	[ImageManager] Created image: 'Vanilla-Images/FrameBottomRight' (0x1a11db0) of type: BasicImage
15/10/2017 20:58:06 (Std) 	[ImageManager] Created image: 'Vanilla-Images/FrameLeft' (0x1a11fc0) of type: BasicImage
15/10/2017 20:58:06 (Std) 	[ImageManager] Created image: 'Vanilla-Images/FrameRight' (0x1a121d0) of type: BasicImage
15/10/2017 20:58:06 (Std) 	[ImageManager] Created image: 'Vanilla-Images/FrameTop' (0x1a123e0) of type: BasicImage
15/10/2017 20:58:06 (Std) 	[ImageManager] Created image: 'Vanilla-Images/FrameBottom' (0x1a125f0) of type: BasicImage
15/10/2017 20:58:06 (Std) 	[ImageManager] Created image: 'Vanilla-Images/ScrollUpArrow' (0x1a12800) of type: BasicImage
15/10/2017 20:58:06 (Std) 	[ImageManager] Created image: 'Vanilla-Images/ScrollDownArrow' (0x1a12a10) of type: BasicImage
15/10/2017 20:58:06 (Std) 	[ImageManager] Created image: 'Vanilla-Images/VertScrollContainer' (0x1a12f40) of type: BasicImage
15/10/2017 20:58:06 (Std) 	[ImageManager] Created image: 'Vanilla-Images/ScrollLeftArrow' (0x1a11320) of type: BasicImage
15/10/2017 20:58:06 (Std) 	[ImageManager] Created image: 'Vanilla-Images/ScrollRightArrow' (0x1a13330) of type: BasicImage
15/10/2017 20:58:06 (Std) 	[ImageManager] Created image: 'Vanilla-Images/HorzScrollContainer' (0x1a13540) of type: BasicImage
15/10/2017 20:58:06 (Std) 	[ImageManager] Created image: 'Vanilla-Images/ScrollbarThumb' (0x1a13930) of type: BasicImage
15/10/2017 20:58:06 (Std) 	[ImageManager] Created image: 'Vanilla-Images/ShadowBrush' (0x1a13b40) of type: BasicImage
15/10/2017 20:58:06 (Std) 	[ImageManager] Created image: 'Vanilla-Images/MouseArrow' (0x1a13d50) of type: BasicImage
15/10/2017 20:58:06 (Std) 	[ImageManager] Created image: 'Vanilla-Images/CheckboxNormal' (0x1a13f60) of type: BasicImage
15/10/2017 20:58:06 (Std) 	[ImageManager] Created image: 'Vanilla-Images/CheckboxHover' (0x1a14170) of type: BasicImage
15/10/2017 20:58:06 (Std) 	[ImageManager] Created image: 'Vanilla-Images/CheckboxMark' (0x1a14380) of type: BasicImage
15/10/2017 20:58:06 (Std) 	[ImageManager] Created image: 'Vanilla-Images/RadioButtonNormal' (0x1a14590) of type: BasicImage
15/10/2017 20:58:06 (Std) 	[ImageManager] Created image: 'Vanilla-Images/RadioButtonHover' (0x1a14950) of type: BasicImage
15/10/2017 20:58:06 (Std) 	[ImageManager] Created image: 'Vanilla-Images/RadioButtonMark' (0x1a14b60) of type: BasicImage
15/10/2017 20:58:06 (Std) 	[ImageManager] Created image: 'Vanilla-Images/SliderScrollUpArrow' (0x1a10b50) of type: BasicImage
15/10/2017 20:58:06 (Std) 	[ImageManager] Created image: 'Vanilla-Images/SliderScrollDownArrow' (0x1a15220) of type: BasicImage
15/10/2017 20:58:06 (Std) 	[ImageManager] Created image: 'Vanilla-Images/SliderScrollLeftArrow' (0x1a15570) of type: BasicImage
15/10/2017 20:58:06 (Std) 	[ImageManager] Created image: 'Vanilla-Images/SliderScrollRightArrow' (0x1a1d030) of type: BasicImage
15/10/2017 20:58:06 (Std) 	[ImageManager] Created image: 'Vanilla-Images/VerticalImageSliderThumb' (0x1a1d5b0) of type: BasicImage
15/10/2017 20:58:06 (Std) 	[ImageManager] Created image: 'Vanilla-Images/HorizontalImageSliderThumb' (0x1a0f300) of type: BasicImage
15/10/2017 20:58:06 (Std) 	[ImageManager] Created image: 'Vanilla-Images/VerticalImageSliderContainer' (0x1a1dff0) of type: BasicImage
15/10/2017 20:58:06 (Std) 	[ImageManager] Created image: 'Vanilla-Images/HorizontalImageSliderContainer' (0x1a0f170) of type: BasicImage
15/10/2017 20:58:06 (Std) 	[ImageManager] Created image: 'Vanilla-Images/DefaultScrollImage' (0x1a1e6b0) of type: BasicImage
15/10/2017 20:58:06 (Std) 	[ImageManager] Created image: 'Vanilla-Images/VerticalImageSliderTopEnd' (0x1a1e9e0) of type: BasicImage
15/10/2017 20:58:06 (Std) 	[ImageManager] Created image: 'Vanilla-Images/VerticalImageSliderBottomEnd' (0x1a1ed50) of type: BasicImage
15/10/2017 20:58:06 (Std) 	[ImageManager] Created image: 'Vanilla-Images/HorizontalImageSliderLeftEnd' (0x1a1f0e0) of type: BasicImage
15/10/2017 20:58:06 (Std) 	[ImageManager] Created image: 'Vanilla-Images/HorizontalImageSliderRightEnd' (0x1a1f470) of type: BasicImage
15/10/2017 20:58:06 (Std) 	[ImageManager] Created image: 'Vanilla-Images/ColourPickerCursor' (0x1a1f800) of type: BasicImage
15/10/2017 20:58:06 (Std) 	[ImageManager] Created image: 'Vanilla-Images/TooltipBottomEdge' (0x1a1fb30) of type: BasicImage
15/10/2017 20:58:06 (Std) 	[ImageManager] Created image: 'Vanilla-Images/TooltipBottomLeft' (0x1a1fe60) of type: BasicImage
15/10/2017 20:58:06 (Std) 	[ImageManager] Created image: 'Vanilla-Images/TooltipTopEdge' (0x1a20190) of type: BasicImage
15/10/2017 20:58:06 (Std) 	[ImageManager] Created image: 'Vanilla-Images/TooltipTopRight' (0x1a203a0) of type: BasicImage
15/10/2017 20:58:06 (Std) 	[ImageManager] Created image: 'Vanilla-Images/TooltipRightEdge' (0x1a205b0) of type: BasicImage
15/10/2017 20:58:06 (Std) 	[ImageManager] Created image: 'Vanilla-Images/TooltipTopLeft' (0x1a207c0) of type: BasicImage
15/10/2017 20:58:06 (Std) 	[ImageManager] Created image: 'Vanilla-Images/TooltipLeftEdge' (0x1a209d0) of type: BasicImage
15/10/2017 20:58:06 (Std) 	[ImageManager] Created image: 'Vanilla-Images/TooltipMiddle' (0x1a20be0) of type: BasicImage
15/10/2017 20:58:06 (Std) 	[ImageManager] Created image: 'Vanilla-Images/TooltipBottomRight' (0x1a20df0) of type: BasicImage
15/10/2017 20:58:06 (Std) 	[ImageManager] Created image: 'Vanilla-Images/DropDownButtonNormal' (0x1a21120) of type: BasicImage
15/10/2017 20:58:06 (Std) 	[ImageManager] Created image: 'Vanilla-Images/DropDownButtonHover' (0x1a21470) of type: BasicImage
15/10/2017 20:58:06 (Std) 	[ImageManager] Created image: 'Vanilla-Images/DropDownButtonPushed' (0x1a217c0) of type: BasicImage
15/10/2017 20:58:06 (Std) 	===== Falagard 'root' element: look and feel parsing begins =====
15/10/2017 20:58:06 (Std) 	===== Look and feel parsing completed =====
15/10/2017 20:58:06 (Std) 	No window renderer factories specified for module 'CEGUICoreWindowRendererSet' - adding all available factories...
15/10/2017 20:58:06 (Std) 	Created WindowRendererFactory for 'Core/Button' WindowRenderers.
15/10/2017 20:58:06 (Std) 	WindowRendererFactory 'Core/Button' added. (0x1a12da0)
15/10/2017 20:58:06 (Std) 	Created WindowRendererFactory for 'Core/Default' WindowRenderers.
15/10/2017 20:58:06 (Std) 	WindowRendererFactory 'Core/Default' added. (0x1a1ddb0)
15/10/2017 20:58:06 (Std) 	Created WindowRendererFactory for 'Core/Editbox' WindowRenderers.
15/10/2017 20:58:06 (Std) 	WindowRendererFactory 'Core/Editbox' added. (0x1a14d70)
15/10/2017 20:58:06 (Std) 	Created WindowRendererFactory for 'Core/FrameWindow' WindowRenderers.
15/10/2017 20:58:06 (Std) 	WindowRendererFactory 'Core/FrameWindow' added. (0x1a14f10)
15/10/2017 20:58:06 (Std) 	Created WindowRendererFactory for 'Core/ItemEntry' WindowRenderers.
15/10/2017 20:58:06 (Std) 	WindowRendererFactory 'Core/ItemEntry' added. (0x1a14fd0)
15/10/2017 20:58:06 (Std) 	Created WindowRendererFactory for 'Core/ListHeader' WindowRenderers.
15/10/2017 20:58:06 (Std) 	WindowRendererFactory 'Core/ListHeader' added. (0x1a11060)
15/10/2017 20:58:06 (Std) 	Created WindowRendererFactory for 'Core/ListHeaderSegment' WindowRenderers.
15/10/2017 20:58:06 (Std) 	WindowRendererFactory 'Core/ListHeaderSegment' added. (0x1b1ce00)
15/10/2017 20:58:06 (Std) 	Created WindowRendererFactory for 'Core/Listbox' WindowRenderers.
15/10/2017 20:58:06 (Std) 	WindowRendererFactory 'Core/Listbox' added. (0x1b1a360)
15/10/2017 20:58:06 (Std) 	Created WindowRendererFactory for 'Core/Menubar' WindowRenderers.
15/10/2017 20:58:06 (Std) 	WindowRendererFactory 'Core/Menubar' added. (0x1b1a500)
15/10/2017 20:58:06 (Std) 	Created WindowRendererFactory for 'Core/MenuItem' WindowRenderers.
15/10/2017 20:58:06 (Std) 	WindowRendererFactory 'Core/MenuItem' added. (0x1b1a6a0)
15/10/2017 20:58:06 (Std) 	Created WindowRendererFactory for 'Core/MultiColumnList' WindowRenderers.
15/10/2017 20:58:06 (Std) 	WindowRendererFactory 'Core/MultiColumnList' added. (0x1b163f0)
15/10/2017 20:58:06 (Std) 	Created WindowRendererFactory for 'Core/MultiLineEditbox' WindowRenderers.
15/10/2017 20:58:06 (Std) 	WindowRendererFactory 'Core/MultiLineEditbox' added. (0x1b16590)
15/10/2017 20:58:06 (Std) 	Created WindowRendererFactory for 'Core/PopupMenu' WindowRenderers.
15/10/2017 20:58:06 (Std) 	WindowRendererFactory 'Core/PopupMenu' added. (0x1b16730)
15/10/2017 20:58:06 (Std) 	Created WindowRendererFactory for 'Core/ProgressBar' WindowRenderers.
15/10/2017 20:58:06 (Std) 	WindowRendererFactory 'Core/ProgressBar' added. (0x1b168d0)
15/10/2017 20:58:06 (Std) 	Created WindowRendererFactory for 'Core/ScrollablePane' WindowRenderers.
15/10/2017 20:58:06 (Std) 	WindowRendererFactory 'Core/ScrollablePane' added. (0x1b3cb80)
15/10/2017 20:58:06 (Std) 	Created WindowRendererFactory for 'Core/Scrollbar' WindowRenderers.
15/10/2017 20:58:06 (Std) 	WindowRendererFactory 'Core/Scrollbar' added. (0x1b3cd20)
15/10/2017 20:58:06 (Std) 	Created WindowRendererFactory for 'Core/Slider' WindowRenderers.
15/10/2017 20:58:06 (Std) 	WindowRendererFactory 'Core/Slider' added. (0x1b3cec0)
15/10/2017 20:58:06 (Std) 	Created WindowRendererFactory for 'Core/Static' WindowRenderers.
15/10/2017 20:58:06 (Std) 	WindowRendererFactory 'Core/Static' added. (0x1b3d170)
15/10/2017 20:58:06 (Std) 	Created WindowRendererFactory for 'Core/StaticImage' WindowRenderers.
15/10/2017 20:58:06 (Std) 	WindowRendererFactory 'Core/StaticImage' added. (0x1b3d230)
15/10/2017 20:58:06 (Std) 	Created WindowRendererFactory for 'Core/StaticText' WindowRenderers.
15/10/2017 20:58:06 (Std) 	WindowRendererFactory 'Core/StaticText' added. (0x1b259e0)
15/10/2017 20:58:06 (Std) 	Created WindowRendererFactory for 'Core/TabButton' WindowRenderers.
15/10/2017 20:58:06 (Std) 	WindowRendererFactory 'Core/TabButton' added. (0x1b25b80)
15/10/2017 20:58:06 (Std) 	Created WindowRendererFactory for 'Core/TabControl' WindowRenderers.
15/10/2017 20:58:06 (Std) 	WindowRendererFactory 'Core/TabControl' added. (0x1b25d20)
15/10/2017 20:58:06 (Std) 	Created WindowRendererFactory for 'Core/Titlebar' WindowRenderers.
15/10/2017 20:58:06 (Std) 	WindowRendererFactory 'Core/Titlebar' added. (0x1b25ec0)
15/10/2017 20:58:06 (Std) 	Created WindowRendererFactory for 'Core/ToggleButton' WindowRenderers.
15/10/2017 20:58:06 (Std) 	WindowRendererFactory 'Core/ToggleButton' added. (0x1b26060)
15/10/2017 20:58:06 (Std) 	Created WindowRendererFactory for 'Core/Tooltip' WindowRenderers.
15/10/2017 20:58:06 (Std) 	WindowRendererFactory 'Core/Tooltip' added. (0x1a0da20)
15/10/2017 20:58:06 (Std) 	Created WindowRendererFactory for 'Core/ItemListbox' WindowRenderers.
15/10/2017 20:58:06 (Std) 	WindowRendererFactory 'Core/ItemListbox' added. (0x1a0dbc0)
15/10/2017 20:58:06 (Std) 	Created WindowRendererFactory for 'Core/Tree' WindowRenderers.
15/10/2017 20:58:06 (Std) 	WindowRendererFactory 'Core/Tree' added. (0x1a0dd60)
15/10/2017 20:58:06 (Std) 	Creating falagard mapping for type 'Vanilla/Label' using base type 'DefaultWindow', window renderer 'Core/Default' Look'N'Feel 'Vanilla/Label' and RenderEffect ''. (0x7ffeb080c1a0)
15/10/2017 20:58:06 (Std) 	Creating falagard mapping for type 'Vanilla/Titlebar' using base type 'CEGUI/Titlebar', window renderer 'Core/Titlebar' Look'N'Feel 'Vanilla/Titlebar' and RenderEffect ''. (0x7ffeb080c1a0)
15/10/2017 20:58:06 (Std) 	Creating falagard mapping for type 'Vanilla/Button' using base type 'CEGUI/PushButton', window renderer 'Core/Button' Look'N'Feel 'Vanilla/Button' and RenderEffect ''. (0x7ffeb080c1a0)
15/10/2017 20:58:06 (Std) 	Creating falagard mapping for type 'Vanilla/FrameWindow' using base type 'CEGUI/FrameWindow', window renderer 'Core/FrameWindow' Look'N'Feel 'Vanilla/FrameWindow' and RenderEffect ''. (0x7ffeb080c1a0)
15/10/2017 20:58:06 (Std) 	Creating falagard mapping for type 'Vanilla/Editbox' using base type 'CEGUI/Editbox', window renderer 'Core/Editbox' Look'N'Feel 'Vanilla/Editbox' and RenderEffect ''. (0x7ffeb080c1a0)
15/10/2017 20:58:06 (Std) 	Creating falagard mapping for type 'Vanilla/VerticalScrollbarThumb' using base type 'CEGUI/Thumb', window renderer 'Core/Button' Look'N'Feel 'Vanilla/VerticalScrollbarThumb' and RenderEffect ''. (0x7ffeb080c1a0)
15/10/2017 20:58:06 (Std) 	Creating falagard mapping for type 'Vanilla/VerticalScrollbar' using base type 'CEGUI/Scrollbar', window renderer 'Core/Scrollbar' Look'N'Feel 'Vanilla/VerticalScrollbar' and RenderEffect ''. (0x7ffeb080c1a0)
15/10/2017 20:58:06 (Std) 	Creating falagard mapping for type 'Vanilla/HorizontalScrollbarThumb' using base type 'CEGUI/Thumb', window renderer 'Core/Button' Look'N'Feel 'Vanilla/HorizontalScrollbarThumb' and RenderEffect ''. (0x7ffeb080c1a0)
15/10/2017 20:58:06 (Std) 	Creating falagard mapping for type 'Vanilla/HorizontalScrollbar' using base type 'CEGUI/Scrollbar', window renderer 'Core/Scrollbar' Look'N'Feel 'Vanilla/HorizontalScrollbar' and RenderEffect ''. (0x7ffeb080c1a0)
15/10/2017 20:58:06 (Std) 	Creating falagard mapping for type 'Vanilla/StaticImage' using base type 'DefaultWindow', window renderer 'Core/StaticImage' Look'N'Feel 'Vanilla/StaticImage' and RenderEffect ''. (0x7ffeb080c1a0)
15/10/2017 20:58:06 (Std) 	Creating falagard mapping for type 'Vanilla/StaticText' using base type 'DefaultWindow', window renderer 'Core/StaticText' Look'N'Feel 'Vanilla/StaticText' and RenderEffect ''. (0x7ffeb080c1a0)
15/10/2017 20:58:06 (Std) 	Creating falagard mapping for type 'Vanilla/Listbox' using base type 'CEGUI/Listbox', window renderer 'Core/Listbox' Look'N'Feel 'Vanilla/Listbox' and RenderEffect ''. (0x7ffeb080c1a0)
15/10/2017 20:58:06 (Std) 	Creating falagard mapping for type 'Vanilla/MultiLineEditbox' using base type 'CEGUI/MultiLineEditbox', window renderer 'Core/MultiLineEditbox' Look'N'Feel 'Vanilla/MultiLineEditbox' and RenderEffect ''. (0x7ffeb080c1a0)
15/10/2017 20:58:06 (Std) 	Creating falagard mapping for type 'Vanilla/ComboDropList' using base type 'CEGUI/ComboDropList', window renderer 'Core/Listbox' Look'N'Feel 'Vanilla/ComboDropList' and RenderEffect ''. (0x7ffeb080c1a0)
15/10/2017 20:58:06 (Std) 	Creating falagard mapping for type 'Vanilla/Combobox' using base type 'CEGUI/Combobox', window renderer 'Core/Default' Look'N'Feel 'Vanilla/Combobox' and RenderEffect ''. (0x7ffeb080c1a0)
15/10/2017 20:58:06 (Std) 	Creating falagard mapping for type 'Vanilla/ProgressBar' using base type 'CEGUI/ProgressBar', window renderer 'Core/ProgressBar' Look'N'Feel 'Vanilla/ProgressBar' and RenderEffect ''. (0x7ffeb080c1a0)
15/10/2017 20:58:06 (Std) 	Creating falagard mapping for type 'Vanilla/Checkbox' using base type 'CEGUI/ToggleButton', window renderer 'Core/ToggleButton' Look'N'Feel 'Vanilla/Checkbox' and RenderEffect ''. (0x7ffeb080c1a0)
15/10/2017 20:58:06 (Std) 	Creating falagard mapping for type 'Vanilla/RadioButton' using base type 'CEGUI/RadioButton', window renderer 'Core/ToggleButton' Look'N'Feel 'Vanilla/RadioButton' and RenderEffect ''. (0x7ffeb080c1a0)
15/10/2017 20:58:06 (Std) 	Creating falagard mapping for type 'Vanilla/Tooltip' using base type 'CEGUI/Tooltip', window renderer 'Core/Tooltip' Look'N'Feel 'Vanilla/Tooltip' and RenderEffect ''. (0x7ffeb080c1a0)
15/10/2017 20:58:06 (Std) 	[OgreRenderer] Created texture: _ogre_tt_tex_0
15/10/2017 20:58:06 (Std) 	[OgreRenderer] Created texture: _ogre_tt_tex_1
15/10/2017 20:58:06 (Std) 	[OgreRenderer] Created texture: Jura-Regular_auto_glyph_images_32
