This file contains any messages produced by compilers while
running configure, to aid debugging if configure makes a mistake.

It was created by configure, which was
generated by GNU Autoconf 2.69.  Invocation command line was

  $ ./configure 

## --------- ##
## Platform. ##
## --------- ##

hostname = diderot
uname -m = x86_64
uname -r = 4.4.0-93-generic
uname -s = Linux
uname -v = #116-Ubuntu SMP Fri Aug 11 21:17:51 UTC 2017

/usr/bin/uname -p = unknown
/bin/uname -X     = unknown

/bin/arch              = unknown
/usr/bin/arch -k       = unknown
/usr/convex/getsysinfo = unknown
/usr/bin/hostinfo      = unknown
/bin/machine           = unknown
/usr/bin/oslevel       = unknown
/bin/universe          = unknown

PATH: /u/hcgong/bin
PATH: /lusr/opt/pintos/
PATH: /lusr/opt/bochs-2.2.6-pintos/bin/
PATH: /lusr/bin
PATH: /sbin
PATH: /bin
PATH: /usr/sbin
PATH: /usr/bin
PATH: /usr/games
PATH: /usr/bin/mh
PATH: /lusr/share/hosts
PATH: /lusr/bin/tex
PATH: /lusr/games/bin
PATH: /lusr/opt/condor/bin
PATH: .


## ----------- ##
## Core tests. ##
## ----------- ##

configure:2332: checking for a BSD-compatible install
configure:2400: result: /usr/bin/install -c
configure:2411: checking whether build environment is sane
configure:2466: result: yes
configure:2617: checking for a thread-safe mkdir -p
configure:2656: result: /bin/mkdir -p
configure:2663: checking for gawk
configure:2679: found /usr/bin/gawk
configure:2690: result: gawk
configure:2701: checking whether make sets $(MAKE)
configure:2723: result: yes
configure:2752: checking whether make supports nested variables
configure:2769: result: yes
configure:2964: checking for g++
configure:2980: found /usr/bin/g++
configure:2991: result: g++
configure:3018: checking for C++ compiler version
configure:3027: g++ --version >&5
g++ (Ubuntu 5.4.0-6ubuntu1~16.04.5) 5.4.0 20160609
Copyright (C) 2015 Free Software Foundation, Inc.
This is free software; see the source for copying conditions.  There is NO
warranty; not even for MERCHANTABILITY or FITNESS FOR A PARTICULAR PURPOSE.

configure:3038: $? = 0
configure:3027: g++ -v >&5
Using built-in specs.
COLLECT_GCC=g++
COLLECT_LTO_WRAPPER=/usr/lib/gcc/x86_64-linux-gnu/5/lto-wrapper
Target: x86_64-linux-gnu
Configured with: ../src/configure -v --with-pkgversion='Ubuntu 5.4.0-6ubuntu1~16.04.5' --with-bugurl=file:///usr/share/doc/gcc-5/README.Bugs --enable-languages=c,ada,c++,java,go,d,fortran,objc,obj-c++ --prefix=/usr --program-suffix=-5 --enable-shared --enable-linker-build-id --libexecdir=/usr/lib --without-included-gettext --enable-threads=posix --libdir=/usr/lib --enable-nls --with-sysroot=/ --enable-clocale=gnu --enable-libstdcxx-debug --enable-libstdcxx-time=yes --with-default-libstdcxx-abi=new --enable-gnu-unique-object --disable-vtable-verify --enable-libmpx --enable-plugin --with-system-zlib --disable-browser-plugin --enable-java-awt=gtk --enable-gtk-cairo --with-java-home=/usr/lib/jvm/java-1.5.0-gcj-5-amd64/jre --enable-java-home --with-jvm-root-dir=/usr/lib/jvm/java-1.5.0-gcj-5-amd64 --with-jvm-jar-dir=/usr/lib/jvm-exports/java-1.5.0-gcj-5-amd64 --with-arch-directory=amd64 --with-ecj-jar=/usr/share/java/eclipse-ecj.jar --enable-objc-gc --enable-multiarch --disable-werror --with-arch-32=i686 --with-abi=m64 --with-multilib-list=m32,m64,mx32 --enable-multilib --with-tune=generic --enable-checking=release --build=x86_64-linux-gnu --host=x86_64-linux-gnu --target=x86_64-linux-gnu
Thread model: posix
gcc version 5.4.0 20160609 (Ubuntu 5.4.0-6ubuntu1~16.04.5) 
configure:3038: $? = 0
configure:3027: g++ -V >&5
g++: error: unrecognized command line option '-V'
g++: fatal error: no input files
compilation terminated.
configure:3038: $? = 1
configure:3027: g++ -qversion >&5
g++: error: unrecognized command line option '-qversion'
g++: fatal error: no input files
compilation terminated.
configure:3038: $? = 1
configure:3058: checking whether the C++ compiler works
configure:3080: g++    conftest.cpp  >&5
configure:3084: $? = 0
configure:3132: result: yes
configure:3135: checking for C++ compiler default output file name
configure:3137: result: a.out
configure:3143: checking for suffix of executables
configure:3150: g++ -o conftest    conftest.cpp  >&5
configure:3154: $? = 0
configure:3176: result: 
configure:3198: checking whether we are cross compiling
configure:3206: g++ -o conftest    conftest.cpp  >&5
configure:3210: $? = 0
configure:3217: ./conftest
configure:3221: $? = 0
configure:3236: result: no
configure:3241: checking for suffix of object files
configure:3263: g++ -c   conftest.cpp >&5
configure:3267: $? = 0
configure:3288: result: o
configure:3292: checking whether we are using the GNU C++ compiler
configure:3311: g++ -c   conftest.cpp >&5
configure:3311: $? = 0
configure:3320: result: yes
configure:3329: checking whether g++ accepts -g
configure:3349: g++ -c -g  conftest.cpp >&5
configure:3349: $? = 0
configure:3390: result: yes
configure:3424: checking for style of include used by make
configure:3452: result: GNU
configure:3478: checking dependency style of g++
configure:3589: result: gcc3
configure:3633: checking build system type
configure:3647: result: x86_64-pc-linux-gnu
configure:3667: checking host system type
configure:3680: result: x86_64-pc-linux-gnu
configure:3721: checking how to print strings
configure:3748: result: printf
configure:3817: checking for gcc
configure:3833: found /usr/bin/gcc
configure:3844: result: gcc
configure:4073: checking for C compiler version
configure:4082: gcc --version >&5
gcc (Ubuntu 5.4.0-6ubuntu1~16.04.5) 5.4.0 20160609
Copyright (C) 2015 Free Software Foundation, Inc.
This is free software; see the source for copying conditions.  There is NO
warranty; not even for MERCHANTABILITY or FITNESS FOR A PARTICULAR PURPOSE.

configure:4093: $? = 0
configure:4082: gcc -v >&5
Using built-in specs.
COLLECT_GCC=gcc
COLLECT_LTO_WRAPPER=/usr/lib/gcc/x86_64-linux-gnu/5/lto-wrapper
Target: x86_64-linux-gnu
Configured with: ../src/configure -v --with-pkgversion='Ubuntu 5.4.0-6ubuntu1~16.04.5' --with-bugurl=file:///usr/share/doc/gcc-5/README.Bugs --enable-languages=c,ada,c++,java,go,d,fortran,objc,obj-c++ --prefix=/usr --program-suffix=-5 --enable-shared --enable-linker-build-id --libexecdir=/usr/lib --without-included-gettext --enable-threads=posix --libdir=/usr/lib --enable-nls --with-sysroot=/ --enable-clocale=gnu --enable-libstdcxx-debug --enable-libstdcxx-time=yes --with-default-libstdcxx-abi=new --enable-gnu-unique-object --disable-vtable-verify --enable-libmpx --enable-plugin --with-system-zlib --disable-browser-plugin --enable-java-awt=gtk --enable-gtk-cairo --with-java-home=/usr/lib/jvm/java-1.5.0-gcj-5-amd64/jre --enable-java-home --with-jvm-root-dir=/usr/lib/jvm/java-1.5.0-gcj-5-amd64 --with-jvm-jar-dir=/usr/lib/jvm-exports/java-1.5.0-gcj-5-amd64 --with-arch-directory=amd64 --with-ecj-jar=/usr/share/java/eclipse-ecj.jar --enable-objc-gc --enable-multiarch --disable-werror --with-arch-32=i686 --with-abi=m64 --with-multilib-list=m32,m64,mx32 --enable-multilib --with-tune=generic --enable-checking=release --build=x86_64-linux-gnu --host=x86_64-linux-gnu --target=x86_64-linux-gnu
Thread model: posix
gcc version 5.4.0 20160609 (Ubuntu 5.4.0-6ubuntu1~16.04.5) 
configure:4093: $? = 0
configure:4082: gcc -V >&5
gcc: error: unrecognized command line option '-V'
gcc: fatal error: no input files
compilation terminated.
configure:4093: $? = 1
configure:4082: gcc -qversion >&5
gcc: error: unrecognized command line option '-qversion'
gcc: fatal error: no input files
compilation terminated.
configure:4093: $? = 1
configure:4097: checking whether we are using the GNU C compiler
configure:4116: gcc -c   conftest.c >&5
configure:4116: $? = 0
configure:4125: result: yes
configure:4134: checking whether gcc accepts -g
configure:4154: gcc -c -g  conftest.c >&5
configure:4154: $? = 0
configure:4195: result: yes
configure:4212: checking for gcc option to accept ISO C89
configure:4275: gcc  -c -g -O2  conftest.c >&5
configure:4275: $? = 0
configure:4288: result: none needed
configure:4313: checking whether gcc understands -c and -o together
configure:4335: gcc -c conftest.c -o conftest2.o
configure:4338: $? = 0
configure:4335: gcc -c conftest.c -o conftest2.o
configure:4338: $? = 0
configure:4350: result: yes
configure:4369: checking dependency style of gcc
configure:4480: result: gcc3
configure:4495: checking for a sed that does not truncate output
configure:4559: result: /bin/sed
configure:4577: checking for grep that handles long lines and -e
configure:4635: result: /bin/grep
configure:4640: checking for egrep
configure:4702: result: /bin/grep -E
configure:4707: checking for fgrep
configure:4769: result: /bin/grep -F
configure:4804: checking for ld used by gcc
configure:4871: result: /usr/bin/ld
configure:4878: checking if the linker (/usr/bin/ld) is GNU ld
configure:4893: result: yes
configure:4905: checking for BSD- or MS-compatible name lister (nm)
configure:4959: result: /usr/bin/nm -B
configure:5089: checking the name lister (/usr/bin/nm -B) interface
configure:5096: g++ -c -g -O2  conftest.cpp >&5
configure:5099: /usr/bin/nm -B "conftest.o"
configure:5102: output
0000000000000000 B some_variable
configure:5109: result: BSD nm
configure:5112: checking whether ln -s works
configure:5116: result: yes
configure:5124: checking the maximum length of command line arguments
configure:5255: result: 1572864
configure:5303: checking how to convert x86_64-pc-linux-gnu file names to x86_64-pc-linux-gnu format
configure:5343: result: func_convert_file_noop
configure:5350: checking how to convert x86_64-pc-linux-gnu file names to toolchain format
configure:5370: result: func_convert_file_noop
configure:5377: checking for /usr/bin/ld option to reload object files
configure:5384: result: -r
configure:5458: checking for objdump
configure:5474: found /usr/bin/objdump
configure:5485: result: objdump
configure:5517: checking how to recognize dependent libraries
configure:5717: result: pass_all
configure:5802: checking for dlltool
configure:5832: result: no
configure:5862: checking how to associate runtime and link libraries
configure:5889: result: printf %s\n
configure:5950: checking for ar
configure:5966: found /usr/bin/ar
configure:5977: result: ar
configure:6014: checking for archiver @FILE support
configure:6031: g++ -c -g -O2  conftest.cpp >&5
configure:6031: $? = 0
configure:6034: ar cru libconftest.a @conftest.lst >&5
ar: `u' modifier ignored since `D' is the default (see `U')
configure:6037: $? = 0
configure:6042: ar cru libconftest.a @conftest.lst >&5
ar: `u' modifier ignored since `D' is the default (see `U')
ar: conftest.o: No such file or directory
configure:6045: $? = 1
configure:6057: result: @
configure:6115: checking for strip
configure:6131: found /usr/bin/strip
configure:6142: result: strip
configure:6214: checking for ranlib
configure:6230: found /usr/bin/ranlib
configure:6241: result: ranlib
configure:6343: checking command to parse /usr/bin/nm -B output from gcc object
configure:6496: g++ -c -g -O2  conftest.cpp >&5
configure:6499: $? = 0
configure:6503: /usr/bin/nm -B conftest.o \| sed -n -e 's/^.*[ ]\([ABCDGIRSTW][ABCDGIRSTW]*\)[ ][ ]*\([_A-Za-z][_A-Za-z0-9]*\)$/\1 \2 \2/p' | sed '/ __gnu_lto/d' \> conftest.nm
configure:6506: $? = 0
configure:6572: g++ -o conftest -g -O2   conftest.cpp conftstm.o >&5
configure:6575: $? = 0
configure:6613: result: ok
configure:6660: checking for sysroot
configure:6690: result: no
configure:6697: checking for a working dd
configure:6735: result: /bin/dd
configure:6739: checking how to truncate binary pipes
configure:6754: result: /bin/dd bs=4096 count=1
configure:6891: g++ -c -g -O2  conftest.cpp >&5
configure:6894: $? = 0
configure:7084: checking for mt
configure:7100: found /bin/mt
configure:7111: result: mt
configure:7134: checking if mt is a manifest tool
configure:7140: mt '-?'
configure:7148: result: no
configure:7825: checking how to run the C preprocessor
configure:7856: gcc -E  conftest.c
configure:7856: $? = 0
configure:7870: gcc -E  conftest.c
conftest.c:11:28: fatal error: ac_nonexistent.h: No such file or directory
compilation terminated.
configure:7870: $? = 1
configure: failed program was:
| /* confdefs.h */
| #define PACKAGE_NAME ""
| #define PACKAGE_TARNAME ""
| #define PACKAGE_VERSION ""
| #define PACKAGE_STRING ""
| #define PACKAGE_BUGREPORT ""
| #define PACKAGE_URL ""
| #define PACKAGE "SampleApp"
| #define VERSION "0.1"
| /* end confdefs.h.  */
| #include <ac_nonexistent.h>
configure:7895: result: gcc -E
configure:7915: gcc -E  conftest.c
configure:7915: $? = 0
configure:7929: gcc -E  conftest.c
conftest.c:11:28: fatal error: ac_nonexistent.h: No such file or directory
compilation terminated.
configure:7929: $? = 1
configure: failed program was:
| /* confdefs.h */
| #define PACKAGE_NAME ""
| #define PACKAGE_TARNAME ""
| #define PACKAGE_VERSION ""
| #define PACKAGE_STRING ""
| #define PACKAGE_BUGREPORT ""
| #define PACKAGE_URL ""
| #define PACKAGE "SampleApp"
| #define VERSION "0.1"
| /* end confdefs.h.  */
| #include <ac_nonexistent.h>
configure:7958: checking for ANSI C header files
configure:7978: gcc -c -g -O2  conftest.c >&5
configure:7978: $? = 0
configure:8051: gcc -o conftest -g -O2   conftest.c  >&5
configure:8051: $? = 0
configure:8051: ./conftest
configure:8051: $? = 0
configure:8062: result: yes
configure:8075: checking for sys/types.h
configure:8075: gcc -c -g -O2  conftest.c >&5
configure:8075: $? = 0
configure:8075: result: yes
configure:8075: checking for sys/stat.h
configure:8075: gcc -c -g -O2  conftest.c >&5
configure:8075: $? = 0
configure:8075: result: yes
configure:8075: checking for stdlib.h
configure:8075: gcc -c -g -O2  conftest.c >&5
configure:8075: $? = 0
configure:8075: result: yes
configure:8075: checking for string.h
configure:8075: gcc -c -g -O2  conftest.c >&5
configure:8075: $? = 0
configure:8075: result: yes
configure:8075: checking for memory.h
configure:8075: gcc -c -g -O2  conftest.c >&5
configure:8075: $? = 0
configure:8075: result: yes
configure:8075: checking for strings.h
configure:8075: gcc -c -g -O2  conftest.c >&5
configure:8075: $? = 0
configure:8075: result: yes
configure:8075: checking for inttypes.h
configure:8075: gcc -c -g -O2  conftest.c >&5
configure:8075: $? = 0
configure:8075: result: yes
configure:8075: checking for stdint.h
configure:8075: gcc -c -g -O2  conftest.c >&5
configure:8075: $? = 0
configure:8075: result: yes
configure:8075: checking for unistd.h
configure:8075: gcc -c -g -O2  conftest.c >&5
configure:8075: $? = 0
configure:8075: result: yes
configure:8089: checking for dlfcn.h
configure:8089: gcc -c -g -O2  conftest.c >&5
configure:8089: $? = 0
configure:8089: result: yes
configure:8355: checking for objdir
configure:8370: result: .libs
configure:8634: checking if gcc supports -fno-rtti -fno-exceptions
configure:8652: gcc -c -g -O2  -fno-rtti -fno-exceptions conftest.c >&5
cc1: warning: command line option '-fno-rtti' is valid for C++/ObjC++ but not for C
configure:8656: $? = 0
configure:8669: result: no
configure:9027: checking for gcc option to produce PIC
configure:9034: result: -fPIC -DPIC
configure:9042: checking if gcc PIC flag -fPIC -DPIC works
configure:9060: gcc -c -g -O2  -fPIC -DPIC -DPIC conftest.c >&5
configure:9064: $? = 0
configure:9077: result: yes
configure:9106: checking if gcc static flag -static works
configure:9134: result: yes
configure:9149: checking if gcc supports -c -o file.o
configure:9170: gcc -c -g -O2  -o out/conftest2.o conftest.c >&5
configure:9174: $? = 0
configure:9196: result: yes
configure:9204: checking if gcc supports -c -o file.o
configure:9251: result: yes
configure:9284: checking whether the gcc linker (/usr/bin/ld -m elf_x86_64) supports shared libraries
configure:10547: result: yes
configure:10584: checking whether -lc should be explicitly linked in
configure:10592: gcc -c -g -O2  conftest.c >&5
configure:10595: $? = 0
configure:10610: gcc -shared  -fPIC -DPIC conftest.o  -v -Wl,-soname -Wl,conftest -o conftest 2\>\&1 \| /bin/grep  -lc  \>/dev/null 2\>\&1
configure:10613: $? = 0
configure:10627: result: no
configure:10787: checking dynamic linker characteristics
configure:11368: gcc -o conftest -g -O2   -Wl,-rpath -Wl,/foo conftest.c  >&5
configure:11368: $? = 0
configure:11617: result: GNU/Linux ld.so
configure:11739: checking how to hardcode library paths into programs
configure:11764: result: immediate
configure:12312: checking whether stripping libraries is possible
configure:12317: result: yes
configure:12352: checking if libtool supports shared libraries
configure:12354: result: yes
configure:12357: checking whether to build shared libraries
configure:12382: result: yes
configure:12385: checking whether to build static libraries
configure:12389: result: yes
configure:12412: checking how to run the C++ preprocessor
configure:12439: g++ -E  conftest.cpp
configure:12439: $? = 0
configure:12453: g++ -E  conftest.cpp
conftest.cpp:23:28: fatal error: ac_nonexistent.h: No such file or directory
compilation terminated.
configure:12453: $? = 1
configure: failed program was:
| /* confdefs.h */
| #define PACKAGE_NAME ""
| #define PACKAGE_TARNAME ""
| #define PACKAGE_VERSION ""
| #define PACKAGE_STRING ""
| #define PACKAGE_BUGREPORT ""
| #define PACKAGE_URL ""
| #define PACKAGE "SampleApp"
| #define VERSION "0.1"
| #define STDC_HEADERS 1
| #define HAVE_SYS_TYPES_H 1
| #define HAVE_SYS_STAT_H 1
| #define HAVE_STDLIB_H 1
| #define HAVE_STRING_H 1
| #define HAVE_MEMORY_H 1
| #define HAVE_STRINGS_H 1
| #define HAVE_INTTYPES_H 1
| #define HAVE_STDINT_H 1
| #define HAVE_UNISTD_H 1
| #define HAVE_DLFCN_H 1
| #define LT_OBJDIR ".libs/"
| /* end confdefs.h.  */
| #include <ac_nonexistent.h>
configure:12478: result: g++ -E
configure:12498: g++ -E  conftest.cpp
configure:12498: $? = 0
configure:12512: g++ -E  conftest.cpp
conftest.cpp:23:28: fatal error: ac_nonexistent.h: No such file or directory
compilation terminated.
configure:12512: $? = 1
configure: failed program was:
| /* confdefs.h */
| #define PACKAGE_NAME ""
| #define PACKAGE_TARNAME ""
| #define PACKAGE_VERSION ""
| #define PACKAGE_STRING ""
| #define PACKAGE_BUGREPORT ""
| #define PACKAGE_URL ""
| #define PACKAGE "SampleApp"
| #define VERSION "0.1"
| #define STDC_HEADERS 1
| #define HAVE_SYS_TYPES_H 1
| #define HAVE_SYS_STAT_H 1
| #define HAVE_STDLIB_H 1
| #define HAVE_STRING_H 1
| #define HAVE_MEMORY_H 1
| #define HAVE_STRINGS_H 1
| #define HAVE_INTTYPES_H 1
| #define HAVE_STDINT_H 1
| #define HAVE_UNISTD_H 1
| #define HAVE_DLFCN_H 1
| #define LT_OBJDIR ".libs/"
| /* end confdefs.h.  */
| #include <ac_nonexistent.h>
configure:12674: checking for ld used by g++
configure:12741: result: /usr/bin/ld -m elf_x86_64
configure:12748: checking if the linker (/usr/bin/ld -m elf_x86_64) is GNU ld
configure:12763: result: yes
configure:12818: checking whether the g++ linker (/usr/bin/ld -m elf_x86_64) supports shared libraries
configure:13891: result: yes
configure:13927: g++ -c -g -O2  conftest.cpp >&5
configure:13930: $? = 0
configure:14411: checking for g++ option to produce PIC
configure:14418: result: -fPIC -DPIC
configure:14426: checking if g++ PIC flag -fPIC -DPIC works
configure:14444: g++ -c -g -O2  -fPIC -DPIC -DPIC conftest.cpp >&5
configure:14448: $? = 0
configure:14461: result: yes
configure:14484: checking if g++ static flag -static works
configure:14512: result: yes
configure:14524: checking if g++ supports -c -o file.o
configure:14545: g++ -c -g -O2  -o out/conftest2.o conftest.cpp >&5
configure:14549: $? = 0
configure:14571: result: yes
configure:14576: checking if g++ supports -c -o file.o
configure:14623: result: yes
configure:14653: checking whether the g++ linker (/usr/bin/ld -m elf_x86_64) supports shared libraries
configure:14696: result: yes
configure:14837: checking dynamic linker characteristics
configure:15594: result: GNU/Linux ld.so
configure:15659: checking how to hardcode library paths into programs
configure:15684: result: immediate
configure:15800: checking for pkg-config
configure:15818: found /usr/bin/pkg-config
configure:15830: result: /usr/bin/pkg-config
configure:15855: checking pkg-config is at least version 0.9.0
configure:15858: result: yes
configure:15868: checking for OGRE
configure:15875: $PKG_CONFIG --exists --print-errors "OGRE >= 1.9"
configure:15878: $? = 0
configure:15892: $PKG_CONFIG --exists --print-errors "OGRE >= 1.9"
configure:15895: $? = 0
configure:15953: result: yes
configure:15962: checking for OIS
configure:15969: $PKG_CONFIG --exists --print-errors "OIS >= 1.0"
configure:15972: $? = 0
configure:15986: $PKG_CONFIG --exists --print-errors "OIS >= 1.0"
configure:15989: $? = 0
configure:16047: result: yes
configure:16164: checking that generated files are newer than configure
configure:16170: result: done
configure:16197: creating ./config.status

## ---------------------- ##
## Running config.status. ##
## ---------------------- ##

This file was extended by config.status, which was
generated by GNU Autoconf 2.69.  Invocation command line was

  CONFIG_FILES    = 
  CONFIG_HEADERS  = 
  CONFIG_LINKS    = 
  CONFIG_COMMANDS = 
  $ ./config.status 

on diderot

config.status:1154: creating Makefile
config.status:1154: creating config.h
config.status:1335: config.h is unchanged
config.status:1383: executing depfiles commands
config.status:1383: executing libtool commands

## ---------------- ##
## Cache variables. ##
## ---------------- ##

ac_cv_build=x86_64-pc-linux-gnu
ac_cv_c_compiler_gnu=yes
ac_cv_cxx_compiler_gnu=yes
ac_cv_env_CCC_set=
ac_cv_env_CCC_value=
ac_cv_env_CC_set=
ac_cv_env_CC_value=
ac_cv_env_CFLAGS_set=
ac_cv_env_CFLAGS_value=
ac_cv_env_CPPFLAGS_set=
ac_cv_env_CPPFLAGS_value=
ac_cv_env_CPP_set=
ac_cv_env_CPP_value=
ac_cv_env_CXXCPP_set=
ac_cv_env_CXXCPP_value=
ac_cv_env_CXXFLAGS_set=
ac_cv_env_CXXFLAGS_value=
ac_cv_env_CXX_set=
ac_cv_env_CXX_value=
ac_cv_env_LDFLAGS_set=
ac_cv_env_LDFLAGS_value=
ac_cv_env_LIBS_set=
ac_cv_env_LIBS_value=
ac_cv_env_LT_SYS_LIBRARY_PATH_set=
ac_cv_env_LT_SYS_LIBRARY_PATH_value=
ac_cv_env_OGRE_CFLAGS_set=
ac_cv_env_OGRE_CFLAGS_value=
ac_cv_env_OGRE_LIBS_set=
ac_cv_env_OGRE_LIBS_value=
ac_cv_env_OIS_CFLAGS_set=
ac_cv_env_OIS_CFLAGS_value=
ac_cv_env_OIS_LIBS_set=
ac_cv_env_OIS_LIBS_value=
ac_cv_env_PKG_CONFIG_LIBDIR_set=
ac_cv_env_PKG_CONFIG_LIBDIR_value=
ac_cv_env_PKG_CONFIG_PATH_set=
ac_cv_env_PKG_CONFIG_PATH_value=
ac_cv_env_PKG_CONFIG_set=
ac_cv_env_PKG_CONFIG_value=
ac_cv_env_build_alias_set=
ac_cv_env_build_alias_value=
ac_cv_env_host_alias_set=
ac_cv_env_host_alias_value=
ac_cv_env_target_alias_set=
ac_cv_env_target_alias_value=
ac_cv_header_dlfcn_h=yes
ac_cv_header_inttypes_h=yes
ac_cv_header_memory_h=yes
ac_cv_header_stdc=yes
ac_cv_header_stdint_h=yes
ac_cv_header_stdlib_h=yes
ac_cv_header_string_h=yes
ac_cv_header_strings_h=yes
ac_cv_header_sys_stat_h=yes
ac_cv_header_sys_types_h=yes
ac_cv_header_unistd_h=yes
ac_cv_host=x86_64-pc-linux-gnu
ac_cv_objext=o
ac_cv_path_EGREP='/bin/grep -E'
ac_cv_path_FGREP='/bin/grep -F'
ac_cv_path_GREP=/bin/grep
ac_cv_path_SED=/bin/sed
ac_cv_path_ac_pt_PKG_CONFIG=/usr/bin/pkg-config
ac_cv_path_install='/usr/bin/install -c'
ac_cv_path_lt_DD=/bin/dd
ac_cv_path_mkdir=/bin/mkdir
ac_cv_prog_AWK=gawk
ac_cv_prog_CPP='gcc -E'
ac_cv_prog_CXXCPP='g++ -E'
ac_cv_prog_ac_ct_AR=ar
ac_cv_prog_ac_ct_CC=gcc
ac_cv_prog_ac_ct_CXX=g++
ac_cv_prog_ac_ct_MANIFEST_TOOL=mt
ac_cv_prog_ac_ct_OBJDUMP=objdump
ac_cv_prog_ac_ct_RANLIB=ranlib
ac_cv_prog_ac_ct_STRIP=strip
ac_cv_prog_cc_c89=
ac_cv_prog_cc_g=yes
ac_cv_prog_cxx_g=yes
ac_cv_prog_make_make_set=yes
am_cv_CC_dependencies_compiler_type=gcc3
am_cv_CXX_dependencies_compiler_type=gcc3
am_cv_make_support_nested_variables=yes
am_cv_prog_cc_c_o=yes
lt_cv_ar_at_file=@
lt_cv_archive_cmds_need_lc=no
lt_cv_deplibs_check_method=pass_all
lt_cv_file_magic_cmd='$MAGIC_CMD'
lt_cv_file_magic_test_file=
lt_cv_ld_reload_flag=-r
lt_cv_nm_interface='BSD nm'
lt_cv_objdir=.libs
lt_cv_path_LD=/usr/bin/ld
lt_cv_path_LDCXX='/usr/bin/ld -m elf_x86_64'
lt_cv_path_NM='/usr/bin/nm -B'
lt_cv_path_mainfest_tool=no
lt_cv_prog_compiler_c_o=yes
lt_cv_prog_compiler_c_o_CXX=yes
lt_cv_prog_compiler_pic='-fPIC -DPIC'
lt_cv_prog_compiler_pic_CXX='-fPIC -DPIC'
lt_cv_prog_compiler_pic_works=yes
lt_cv_prog_compiler_pic_works_CXX=yes
lt_cv_prog_compiler_rtti_exceptions=no
lt_cv_prog_compiler_static_works=yes
lt_cv_prog_compiler_static_works_CXX=yes
lt_cv_prog_gnu_ld=yes
lt_cv_prog_gnu_ldcxx=yes
lt_cv_sharedlib_from_linklib_cmd='printf %s\n'
lt_cv_shlibpath_overrides_runpath=no
lt_cv_sys_global_symbol_pipe='sed -n -e '\''s/^.*[	 ]\([ABCDGIRSTW][ABCDGIRSTW]*\)[	 ][	 ]*\([_A-Za-z][_A-Za-z0-9]*\)$/\1 \2 \2/p'\'' | sed '\''/ __gnu_lto/d'\'''
lt_cv_sys_global_symbol_to_c_name_address='sed -n -e '\''s/^: \(.*\) .*$/  {"\1", (void *) 0},/p'\'' -e '\''s/^[ABCDGIRSTW][ABCDGIRSTW]* .* \(.*\)$/  {"\1", (void *) \&\1},/p'\'''
lt_cv_sys_global_symbol_to_c_name_address_lib_prefix='sed -n -e '\''s/^: \(.*\) .*$/  {"\1", (void *) 0},/p'\'' -e '\''s/^[ABCDGIRSTW][ABCDGIRSTW]* .* \(lib.*\)$/  {"\1", (void *) \&\1},/p'\'' -e '\''s/^[ABCDGIRSTW][ABCDGIRSTW]* .* \(.*\)$/  {"lib\1", (void *) \&\1},/p'\'''
lt_cv_sys_global_symbol_to_cdecl='sed -n -e '\''s/^T .* \(.*\)$/extern int \1();/p'\'' -e '\''s/^[ABCDGIRSTW][ABCDGIRSTW]* .* \(.*\)$/extern char \1;/p'\'''
lt_cv_sys_global_symbol_to_import=
lt_cv_sys_max_cmd_len=1572864
lt_cv_to_host_file_cmd=func_convert_file_noop
lt_cv_to_tool_file_cmd=func_convert_file_noop
lt_cv_truncate_bin='/bin/dd bs=4096 count=1'
pkg_cv_OGRE_CFLAGS='-pthread -I/usr/include/OGRE'
pkg_cv_OGRE_LIBS='-lOgreMain -lpthread'
pkg_cv_OIS_CFLAGS=-I/usr/include/ois
pkg_cv_OIS_LIBS=-lOIS

## ----------------- ##
## Output variables. ##
## ----------------- ##

ACLOCAL='${SHELL} /u/hcgong/Documents/cs354r/gametech/missing aclocal-1.15'
AMDEPBACKSLASH='\'
AMDEP_FALSE='#'
AMDEP_TRUE=''
AMTAR='$${TAR-tar}'
AM_BACKSLASH='\'
AM_DEFAULT_V='$(AM_DEFAULT_VERBOSITY)'
AM_DEFAULT_VERBOSITY='1'
AM_V='$(V)'
AR='ar'
AUTOCONF='${SHELL} /u/hcgong/Documents/cs354r/gametech/missing autoconf'
AUTOHEADER='${SHELL} /u/hcgong/Documents/cs354r/gametech/missing autoheader'
AUTOMAKE='${SHELL} /u/hcgong/Documents/cs354r/gametech/missing automake-1.15'
AWK='gawk'
CC='gcc'
CCDEPMODE='depmode=gcc3'
CFLAGS='-g -O2'
CPP='gcc -E'
CPPFLAGS=''
CXX='g++'
CXXCPP='g++ -E'
CXXDEPMODE='depmode=gcc3'
CXXFLAGS='-g -O2'
CYGPATH_W='echo'
DEFS='-DHAVE_CONFIG_H'
DEPDIR='.deps'
DLLTOOL='false'
DSYMUTIL=''
DUMPBIN=''
ECHO_C=''
ECHO_N='-n'
ECHO_T=''
EGREP='/bin/grep -E'
EXEEXT=''
FGREP='/bin/grep -F'
GREP='/bin/grep'
INSTALL_DATA='${INSTALL} -m 644'
INSTALL_PROGRAM='${INSTALL}'
INSTALL_SCRIPT='${INSTALL}'
INSTALL_STRIP_PROGRAM='$(install_sh) -c -s'
LD='/usr/bin/ld -m elf_x86_64'
LDFLAGS=''
LIBOBJS=''
LIBS=''
LIBTOOL='$(SHELL) $(top_builddir)/libtool'
LIPO=''
LN_S='ln -s'
LTLIBOBJS=''
LT_SYS_LIBRARY_PATH=''
MAKEINFO='${SHELL} /u/hcgong/Documents/cs354r/gametech/missing makeinfo'
MANIFEST_TOOL=':'
MKDIR_P='/bin/mkdir -p'
NM='/usr/bin/nm -B'
NMEDIT=''
OBJDUMP='objdump'
OBJEXT='o'
OGRE_CFLAGS='-pthread -I/usr/include/OGRE'
OGRE_LIBS='-lOgreMain -lpthread'
OIS_CFLAGS='-I/usr/include/ois'
OIS_LIBS='-lOIS'
OTOOL64=''
OTOOL=''
PACKAGE='SampleApp'
PACKAGE_BUGREPORT=''
PACKAGE_NAME=''
PACKAGE_STRING=''
PACKAGE_TARNAME=''
PACKAGE_URL=''
PACKAGE_VERSION=''
PATH_SEPARATOR=':'
PKG_CONFIG='/usr/bin/pkg-config'
PKG_CONFIG_LIBDIR=''
PKG_CONFIG_PATH=''
RANLIB='ranlib'
SED='/bin/sed'
SET_MAKE=''
SHELL='/bin/bash'
STRIP='strip'
VERSION='0.1'
ac_ct_AR='ar'
ac_ct_CC='gcc'
ac_ct_CXX='g++'
ac_ct_DUMPBIN=''
am__EXEEXT_FALSE=''
am__EXEEXT_TRUE='#'
am__fastdepCC_FALSE='#'
am__fastdepCC_TRUE=''
am__fastdepCXX_FALSE='#'
am__fastdepCXX_TRUE=''
am__include='include'
am__isrc=''
am__leading_dot='.'
am__nodep='_no'
am__quote=''
am__tar='$${TAR-tar} chof - "$$tardir"'
am__untar='$${TAR-tar} xf -'
bindir='${exec_prefix}/bin'
build='x86_64-pc-linux-gnu'
build_alias=''
build_cpu='x86_64'
build_os='linux-gnu'
build_vendor='pc'
datadir='${datarootdir}'
datarootdir='${prefix}/share'
docdir='${datarootdir}/doc/${PACKAGE}'
dvidir='${docdir}'
exec_prefix='${prefix}'
host='x86_64-pc-linux-gnu'
host_alias=''
host_cpu='x86_64'
host_os='linux-gnu'
host_vendor='pc'
htmldir='${docdir}'
includedir='${prefix}/include'
infodir='${datarootdir}/info'
install_sh='${SHELL} /u/hcgong/Documents/cs354r/gametech/install-sh'
libdir='${exec_prefix}/lib'
libexecdir='${exec_prefix}/libexec'
localedir='${datarootdir}/locale'
localstatedir='${prefix}/var'
mandir='${datarootdir}/man'
mkdir_p='$(MKDIR_P)'
oldincludedir='/usr/include'
pdfdir='${docdir}'
prefix='/usr/local'
program_transform_name='s,x,x,'
psdir='${docdir}'
runstatedir='${localstatedir}/run'
sbindir='${exec_prefix}/sbin'
sharedstatedir='${prefix}/com'
sysconfdir='${prefix}/etc'
target_alias=''

## ----------- ##
## confdefs.h. ##
## ----------- ##

/* confdefs.h */
#define PACKAGE_NAME ""
#define PACKAGE_TARNAME ""
#define PACKAGE_VERSION ""
#define PACKAGE_STRING ""
#define PACKAGE_BUGREPORT ""
#define PACKAGE_URL ""
#define PACKAGE "SampleApp"
#define VERSION "0.1"
#define STDC_HEADERS 1
#define HAVE_SYS_TYPES_H 1
#define HAVE_SYS_STAT_H 1
#define HAVE_STDLIB_H 1
#define HAVE_STRING_H 1
#define HAVE_MEMORY_H 1
#define HAVE_STRINGS_H 1
#define HAVE_INTTYPES_H 1
#define HAVE_STDINT_H 1
#define HAVE_UNISTD_H 1
#define HAVE_DLFCN_H 1
#define LT_OBJDIR ".libs/"

configure: exit 0

## ---------------------- ##
## Running config.status. ##
## ---------------------- ##

This file was extended by config.status, which was
generated by GNU Autoconf 2.69.  Invocation command line was

  CONFIG_FILES    = 
  CONFIG_HEADERS  = 
  CONFIG_LINKS    = 
  CONFIG_COMMANDS = 
  $ ./config.status config.h

on diderot

config.status:1154: creating config.h
config.status:1335: config.h is unchanged
