15:54:56: Creating resource group General
15:54:56: Creating resource group Internal
15:54:56: Creating resource group Autodetect
15:54:56: SceneManagerFactory for type 'DefaultSceneManager' registered.
15:54:56: Registering ResourceManager for type Material
15:54:56: Registering ResourceManager for type Mesh
15:54:56: Registering ResourceManager for type Skeleton
15:54:56: MovableObjectFactory for type 'ParticleSystem' registered.
15:54:56: ArchiveFactory for archive type FileSystem registered.
15:54:56: ArchiveFactory for archive type Zip registered.
15:54:56: ArchiveFactory for archive type EmbeddedZip registered.
15:54:56: DDS codec registering
15:54:56: FreeImage version: 3.17.0
15:54:56: This program uses FreeImage, a free, open source image library supporting all common bitmap formats. See http://freeimage.sourceforge.net for details
15:54:56: Supported formats: bmp,ico,jpg,jif,jpeg,jpe,jng,koa,iff,lbm,mng,pbm,pbm,pcd,pcx,pgm,pgm,png,ppm,ppm,ras,tga,targa,tif,tiff,wap,wbmp,wbm,psd,cut,xbm,xpm,gif,hdr,sgi,rgb,rgba,bw,exr,j2k,j2c,jp2,pfm,pct,pict,pic,3fr,arw,bay,bmq,cap,cine,cr2,crw,cs1,dc2,dcr,drf,dsc,dng,erf,fff,ia,iiq,k25,kc2,kdc,mdc,mef,mos,mrw,nef,nrw,orf,pef,ptx,pxn,qtk,raf,raw,rdc,rw2,rwl,rwz,sr2,srf,srw,sti,x3f,webp,jxr,wdp,hdp
15:54:56: PVRTC codec registering
15:54:56: ETC codec registering
15:54:56: Registering ResourceManager for type HighLevelGpuProgram
15:54:56: Registering ResourceManager for type Compositor
15:54:56: MovableObjectFactory for type 'Entity' registered.
15:54:56: MovableObjectFactory for type 'Light' registered.
15:54:56: MovableObjectFactory for type 'BillboardSet' registered.
15:54:56: MovableObjectFactory for type 'ManualObject' registered.
15:54:56: MovableObjectFactory for type 'BillboardChain' registered.
15:54:56: MovableObjectFactory for type 'RibbonTrail' registered.
15:54:56: Loading library /usr/lib/x86_64-linux-gnu/OGRE-1.9.0/RenderSystem_GL
15:54:56: Installing plugin: GL RenderSystem
15:54:56: OpenGL Rendering Subsystem created.
15:54:56: Plugin successfully installed
15:54:56: Loading library /usr/lib/x86_64-linux-gnu/OGRE-1.9.0/Plugin_ParticleFX
15:54:56: Installing plugin: ParticleFX
15:54:56: Particle Emitter Type 'Point' registered
15:54:56: Particle Emitter Type 'Box' registered
15:54:56: Particle Emitter Type 'Ellipsoid' registered
15:54:56: Particle Emitter Type 'Cylinder' registered
15:54:56: Particle Emitter Type 'Ring' registered
15:54:56: Particle Emitter Type 'HollowEllipsoid' registered
15:54:56: Particle Affector Type 'LinearForce' registered
15:54:56: Particle Affector Type 'ColourFader' registered
15:54:56: Particle Affector Type 'ColourFader2' registered
15:54:56: Particle Affector Type 'ColourImage' registered
15:54:56: Particle Affector Type 'ColourInterpolator' registered
15:54:56: Particle Affector Type 'Scaler' registered
15:54:56: Particle Affector Type 'Rotator' registered
15:54:56: Particle Affector Type 'DirectionRandomiser' registered
15:54:56: Particle Affector Type 'DeflectorPlane' registered
15:54:56: Plugin successfully installed
15:54:56: Loading library /usr/lib/x86_64-linux-gnu/OGRE-1.9.0/Plugin_BSPSceneManager
15:54:56: Installing plugin: BSP Scene Manager
15:54:56: Plugin successfully installed
15:54:56: Loading library /usr/lib/x86_64-linux-gnu/OGRE-1.9.0/Plugin_PCZSceneManager
15:54:56: Installing plugin: Portal Connected Zone Scene Manager
15:54:56: PCZone Factory Type 'ZoneType_Default' registered
15:54:56: Plugin successfully installed
15:54:56: Loading library /usr/lib/x86_64-linux-gnu/OGRE-1.9.0/Plugin_OctreeZone
15:54:56: Installing plugin: Octree Zone Factory
15:54:56: Plugin successfully installed
15:54:56: Loading library /usr/lib/x86_64-linux-gnu/OGRE-1.9.0/Plugin_OctreeSceneManager
15:54:56: Installing plugin: Octree Scene Manager
15:54:56: Plugin successfully installed
15:54:56: *-*-* OGRE Initialising
15:54:56: *-*-* Version 1.9.0 (Ghadamon)
15:54:56: Creating resource group Essential
15:54:56: Added resource location '/lusr/opt/ogre-1.9/share/OGRE/Media/thumbnails' of type 'FileSystem' to resource group 'Essential'
15:54:56: Added resource location '/lusr/opt/ogre-1.9/share/OGRE/Media/packs/SdkTrays.zip' of type 'Zip' to resource group 'Essential'
15:54:56: Added resource location '/lusr/opt/ogre-1.9/share/OGRE/Media/packs/profiler.zip' of type 'Zip' to resource group 'Essential'
15:54:56: Added resource location '/lusr/opt/ogre-1.9/share/OGRE/Media' of type 'FileSystem' to resource group 'General'
15:54:56: Creating resource group Popular
15:54:56: Added resource location './' of type 'FileSystem' to resource group 'Popular'
15:54:56: Added resource location '/lusr/opt/ogre-1.9/share/OGRE/Media/fonts' of type 'FileSystem' to resource group 'Popular'
15:54:56: Added resource location '/lusr/opt/ogre-1.9/share/OGRE/Media/materials/programs/GLSL' of type 'FileSystem' to resource group 'Popular'
15:54:56: Added resource location '/lusr/opt/ogre-1.9/share/OGRE/Media/materials/scripts' of type 'FileSystem' to resource group 'Popular'
15:54:56: Added resource location '/lusr/opt/ogre-1.9/share/OGRE/Media/materials/textures' of type 'FileSystem' to resource group 'Popular'
15:54:56: Added resource location '/lusr/opt/ogre-1.9/share/OGRE/Media/materials/textures/nvidia' of type 'FileSystem' to resource group 'Popular'
15:54:56: Added resource location '/lusr/opt/ogre-1.9/share/OGRE/Media/models' of type 'FileSystem' to resource group 'Popular'
15:54:56: Added resource location '/lusr/opt/ogre-1.9/share/OGRE/Media/particle' of type 'FileSystem' to resource group 'Popular'
15:54:56: Added resource location '/lusr/opt/ogre-1.9/share/OGRE/Media/DeferredShadingMedia' of type 'FileSystem' to resource group 'Popular'
15:54:56: Added resource location '/lusr/opt/ogre-1.9/share/OGRE/Media/PCZAppMedia' of type 'FileSystem' to resource group 'Popular'
15:54:56: Added resource location '/lusr/opt/ogre-1.9/share/OGRE/Media/RTShaderLib' of type 'FileSystem' to resource group 'Popular'
15:54:56: Added resource location '/lusr/opt/ogre-1.9/share/OGRE/Media/RTShaderLib/materials' of type 'FileSystem' to resource group 'Popular'
15:54:56: Added resource location '/lusr/opt/ogre-1.9/share/OGRE/Media/materials/scripts/SSAO' of type 'FileSystem' to resource group 'Popular'
15:54:56: Added resource location '/lusr/opt/ogre-1.9/share/OGRE/Media/materials/textures/SSAO' of type 'FileSystem' to resource group 'Popular'
15:54:56: Added resource location '/lusr/opt/ogre-1.9/share/OGRE/Media/volumeTerrain' of type 'FileSystem' to resource group 'Popular'
15:54:56: Added resource location '/lusr/opt/ogre-1.9/share/OGRE/Media/packs/cubemap.zip' of type 'Zip' to resource group 'Popular'
15:54:56: Added resource location '/lusr/opt/ogre-1.9/share/OGRE/Media/packs/cubemapsJS.zip' of type 'Zip' to resource group 'Popular'
15:54:56: Added resource location '/lusr/opt/ogre-1.9/share/OGRE/Media/packs/dragon.zip' of type 'Zip' to resource group 'Popular'
15:54:56: Added resource location '/lusr/opt/ogre-1.9/share/OGRE/Media/packs/fresneldemo.zip' of type 'Zip' to resource group 'Popular'
15:54:56: Added resource location '/lusr/opt/ogre-1.9/share/OGRE/Media/packs/ogretestmap.zip' of type 'Zip' to resource group 'Popular'
15:54:56: Added resource location '/lusr/opt/ogre-1.9/share/OGRE/Media/packs/ogredance.zip' of type 'Zip' to resource group 'Popular'
15:54:56: Added resource location '/lusr/opt/ogre-1.9/share/OGRE/Media/packs/Sinbad.zip' of type 'Zip' to resource group 'Popular'
15:54:56: Added resource location '/lusr/opt/ogre-1.9/share/OGRE/Media/packs/skybox.zip' of type 'Zip' to resource group 'Popular'
15:54:56: Added resource location '/lusr/opt/ogre-1.9/share/OGRE/Media/volumeTerrain/volumeTerrainBig.zip' of type 'Zip' to resource group 'Popular'
15:54:56: Creating resource group Tests
15:54:56: Added resource location '/lusr/opt/ogre-1.9/Tests/Media' of type 'FileSystem' to resource group 'Tests'
15:54:56: OGRE EXCEPTION(2:InvalidParametersException): Option named  does not exist. in GLXGLSupport::setConfigOption at /build/ogre-1.9-mqY1wq/ogre-1.9-1.9.0+dfsg1/RenderSystems/GL/src/GLX/OgreGLXGLSupport.cpp (line 312)
15:54:56: *-*-* OGRE Shutdown
15:54:56: Unregistering ResourceManager for type Compositor
15:54:56: Unregistering ResourceManager for type Skeleton
15:54:56: Unregistering ResourceManager for type Mesh
15:54:56: Unregistering ResourceManager for type HighLevelGpuProgram
15:54:56: Uninstalling plugin: Octree Scene Manager
15:54:56: Plugin successfully uninstalled
15:54:56: Unloading library /usr/lib/x86_64-linux-gnu/OGRE-1.9.0/Plugin_OctreeSceneManager
15:54:56: Uninstalling plugin: Octree Zone Factory
15:54:56: Plugin successfully uninstalled
15:54:56: Unloading library /usr/lib/x86_64-linux-gnu/OGRE-1.9.0/Plugin_OctreeZone
15:54:56: Uninstalling plugin: Portal Connected Zone Scene Manager
15:54:56: Plugin successfully uninstalled
15:54:56: Unloading library /usr/lib/x86_64-linux-gnu/OGRE-1.9.0/Plugin_PCZSceneManager
15:54:56: Uninstalling plugin: BSP Scene Manager
15:54:56: Plugin successfully uninstalled
15:54:56: Unloading library /usr/lib/x86_64-linux-gnu/OGRE-1.9.0/Plugin_BSPSceneManager
15:54:56: Uninstalling plugin: ParticleFX
15:54:56: Plugin successfully uninstalled
15:54:56: Unloading library /usr/lib/x86_64-linux-gnu/OGRE-1.9.0/Plugin_ParticleFX
15:54:56: Uninstalling plugin: GL RenderSystem
15:54:56: ******************************
*** Stopping GLX Subsystem ***
******************************
15:54:56: Plugin successfully uninstalled
15:54:56: Unloading library /usr/lib/x86_64-linux-gnu/OGRE-1.9.0/RenderSystem_GL
15:54:56: Unregistering ResourceManager for type Material
